Information: Updating design information... (UID-85)
 
****************************************
Report : timing
        -path full
        -delay min
        -max_paths 1
Design : MyDesign
Version: T-2022.03-SP4
Date   : Thu Jan  2 12:12:16 2025
****************************************

Operating Conditions: fast   Library: NangateOpenCellLibrary_PDKv1_2_v2008_10_fast_nldm
Wire Load Model Mode: top

  Startpoint: dut__tb__sram_input_read_address_R_reg[0]
              (rising edge-triggered flip-flop clocked by clk)
  Endpoint: dut__tb__sram_input_read_address_R_reg[0]
            (rising edge-triggered flip-flop clocked by clk)
  Path Group: clk
  Path Type: min

  Point                                                   Incr       Path
  --------------------------------------------------------------------------
  clock clk (rise edge)                                 0.0000     0.0000
  clock network delay (ideal)                           0.0000     0.0000
  dut__tb__sram_input_read_address_R_reg[0]/CK (DFF_X2)
                                                        0.0000     0.0000 r
  dut__tb__sram_input_read_address_R_reg[0]/QN (DFF_X2)
                                                        0.0482     0.0482 f
  U14120/ZN (NAND2_X1)                                  0.0218     0.0700 r
  U11289/ZN (NAND3_X1)                                  0.0159     0.0859 f
  dut__tb__sram_input_read_address_R_reg[0]/D (DFF_X2)
                                                        0.0000     0.0859 f
  data arrival time                                                0.0859

  clock clk (rise edge)                                 0.0000     0.0000
  clock network delay (ideal)                           0.0000     0.0000
  clock uncertainty                                     0.0500     0.0500
  dut__tb__sram_input_read_address_R_reg[0]/CK (DFF_X2)
                                                        0.0000     0.0500 r
  library hold time                                    -0.0006     0.0494
  data required time                                               0.0494
  --------------------------------------------------------------------------
  data required time                                               0.0494
  data arrival time                                               -0.0859
  --------------------------------------------------------------------------
  slack (MET)                                                      0.0364


1
